2015-05-28 21:06:27 8600 [Note] Plugin 'FEDERATED' is disabled.
2015-05-28 21:06:27 8600 [Note] InnoDB: The InnoDB memory heap is disabled
2015-05-28 21:06:27 8600 [Note] InnoDB: Mutexes and rw_locks use Windows interlocked functions
2015-05-28 21:06:27 8600 [Note] InnoDB: Compressed tables use zlib 1.2.3
2015-05-28 21:06:27 8600 [Note] InnoDB: Not using CPU crc32 instructions
2015-05-28 21:06:27 8600 [Note] InnoDB: Initializing buffer pool, size = 128.0M
2015-05-28 21:06:27 8600 [Note] InnoDB: Completed initialization of buffer pool
2015-05-28 21:06:27 8600 [Note] InnoDB: Setting log file C:\usbweb svn3\mysql\data\ib_logfile101 size to 5 MB
2015-05-28 21:06:28 8600 [Note] InnoDB: Setting log file C:\usbweb svn3\mysql\data\ib_logfile1 size to 5 MB
2015-05-28 21:06:28 8600 [Note] InnoDB: Renaming log file C:\usbweb svn3\mysql\data\ib_logfile101 to C:\usbweb svn3\mysql\data\ib_logfile0
2015-05-28 21:06:28 8600 [Warning] InnoDB: New log files created, LSN=1626134
2015-05-28 21:06:28 8600 [Note] InnoDB: Highest supported file format is Barracuda.
2015-05-28 21:06:28 8600 [Note] InnoDB: 128 rollback segment(s) are active.
2015-05-28 21:06:28 8600 [Note] InnoDB: Waiting for purge to start
2015-05-28 21:06:28 8600 [Note] InnoDB: 5.6.13 started; log sequence number 1626636
2015-05-28 21:06:28 8600 [Warning] No existing UUID has been found, so we assume that this is the first time that this server has been started. Generating a new UUID: a4ae5b28-056c-11e5-b0e5-a088696d9a3d.
2015-05-28 21:06:28 8600 [Note] Server hostname (bind-address): '*'; port: 3307
2015-05-28 21:06:28 8600 [Note] IPv6 is available.
2015-05-28 21:06:28 8600 [Note]   - '::' resolves to '::';
2015-05-28 21:06:28 8600 [Note] Server socket created on IP: '::'.
2015-05-28 21:07:02 2852 [Note] Plugin 'FEDERATED' is disabled.
2015-05-28 21:07:02 2852 [Note] InnoDB: The InnoDB memory heap is disabled
2015-05-28 21:07:02 2852 [Note] InnoDB: Mutexes and rw_locks use Windows interlocked functions
2015-05-28 21:07:02 2852 [Note] InnoDB: Compressed tables use zlib 1.2.3
2015-05-28 21:07:02 2852 [Note] InnoDB: Not using CPU crc32 instructions
2015-05-28 21:07:02 2852 [Note] InnoDB: Initializing buffer pool, size = 128.0M
2015-05-28 21:07:02 2852 [Note] InnoDB: Completed initialization of buffer pool
2015-05-28 21:07:02 2852 [Note] InnoDB: Highest supported file format is Barracuda.
2015-05-28 21:07:02 2852 [Note] InnoDB: The log sequence numbers 1626134 and 1626134 in ibdata files do not match the log sequence number 1626646 in the ib_logfiles!
2015-05-28 21:07:02 2852 [Note] InnoDB: Database was not shutdown normally!
2015-05-28 21:07:02 2852 [Note] InnoDB: Starting crash recovery.
2015-05-28 21:07:02 2852 [Note] InnoDB: Reading tablespace information from the .ibd files...
2015-05-28 21:07:02 2852 [Note] InnoDB: Restoring possible half-written data pages 
2015-05-28 21:07:02 2852 [Note] InnoDB: from the doublewrite buffer...
2015-05-28 21:07:03 2852 [Note] InnoDB: 128 rollback segment(s) are active.
2015-05-28 21:07:03 2852 [Note] InnoDB: Waiting for purge to start
2015-05-28 21:07:03 2852 [Note] InnoDB: 5.6.13 started; log sequence number 1626646
2015-05-28 21:07:03 2852 [Note] Server hostname (bind-address): '*'; port: 3307
2015-05-28 21:07:03 2852 [Note] IPv6 is available.
2015-05-28 21:07:03 2852 [Note]   - '::' resolves to '::';
2015-05-28 21:07:03 2852 [Note] Server socket created on IP: '::'.
2015-05-28 21:25:04 6188 [Note] Plugin 'FEDERATED' is disabled.
2015-05-28 21:25:04 6188 [Note] InnoDB: The InnoDB memory heap is disabled
2015-05-28 21:25:04 6188 [Note] InnoDB: Mutexes and rw_locks use Windows interlocked functions
2015-05-28 21:25:04 6188 [Note] InnoDB: Compressed tables use zlib 1.2.3
2015-05-28 21:25:04 6188 [Note] InnoDB: Not using CPU crc32 instructions
2015-05-28 21:25:04 6188 [Note] InnoDB: Initializing buffer pool, size = 128.0M
2015-05-28 21:25:04 6188 [Note] InnoDB: Completed initialization of buffer pool
2015-05-28 21:25:04 6188 [Note] InnoDB: Highest supported file format is Barracuda.
2015-05-28 21:25:04 6188 [Note] InnoDB: The log sequence numbers 1626134 and 1626134 in ibdata files do not match the log sequence number 1626656 in the ib_logfiles!
2015-05-28 21:25:04 6188 [Note] InnoDB: Database was not shutdown normally!
2015-05-28 21:25:04 6188 [Note] InnoDB: Starting crash recovery.
2015-05-28 21:25:04 6188 [Note] InnoDB: Reading tablespace information from the .ibd files...
2015-05-28 21:25:04 6188 [Note] InnoDB: Restoring possible half-written data pages 
2015-05-28 21:25:04 6188 [Note] InnoDB: from the doublewrite buffer...
2015-05-28 21:25:05 6188 [Note] InnoDB: 128 rollback segment(s) are active.
2015-05-28 21:25:05 6188 [Note] InnoDB: Waiting for purge to start
2015-05-28 21:25:05 6188 [Note] InnoDB: 5.6.13 started; log sequence number 1626656
2015-05-28 21:25:05 6188 [Note] Server hostname (bind-address): '*'; port: 3307
2015-05-28 21:25:05 6188 [Note] IPv6 is available.
2015-05-28 21:25:05 6188 [Note]   - '::' resolves to '::';
2015-05-28 21:25:05 6188 [Note] Server socket created on IP: '::'.
2015-05-28 23:52:23 7844 [Note] Plugin 'FEDERATED' is disabled.
2015-05-28 23:52:23 7844 [Note] InnoDB: The InnoDB memory heap is disabled
2015-05-28 23:52:23 7844 [Note] InnoDB: Mutexes and rw_locks use Windows interlocked functions
2015-05-28 23:52:23 7844 [Note] InnoDB: Compressed tables use zlib 1.2.3
2015-05-28 23:52:23 7844 [Note] InnoDB: Not using CPU crc32 instructions
2015-05-28 23:52:23 7844 [Note] InnoDB: Initializing buffer pool, size = 128.0M
2015-05-28 23:52:23 7844 [Note] InnoDB: Completed initialization of buffer pool
2015-05-28 23:52:23 7844 [Note] InnoDB: Highest supported file format is Barracuda.
2015-05-28 23:52:23 7844 [Note] InnoDB: The log sequence numbers 1626134 and 1626134 in ibdata files do not match the log sequence number 1626666 in the ib_logfiles!
2015-05-28 23:52:23 7844 [Note] InnoDB: Database was not shutdown normally!
2015-05-28 23:52:23 7844 [Note] InnoDB: Starting crash recovery.
2015-05-28 23:52:23 7844 [Note] InnoDB: Reading tablespace information from the .ibd files...
2015-05-28 23:52:23 7844 [Note] InnoDB: Restoring possible half-written data pages 
2015-05-28 23:52:23 7844 [Note] InnoDB: from the doublewrite buffer...
2015-05-28 23:52:23 7844 [Note] InnoDB: 128 rollback segment(s) are active.
2015-05-28 23:52:23 7844 [Note] InnoDB: Waiting for purge to start
2015-05-28 23:52:23 7844 [Note] InnoDB: 5.6.13 started; log sequence number 1626666
2015-05-28 23:52:23 7844 [Note] Server hostname (bind-address): '*'; port: 3307
2015-05-28 23:52:23 7844 [Note] IPv6 is available.
2015-05-28 23:52:23 7844 [Note]   - '::' resolves to '::';
2015-05-28 23:52:23 7844 [Note] Server socket created on IP: '::'.
2015-08-19 17:30:43 26308 [Note] Plugin 'FEDERATED' is disabled.
2015-08-19 17:30:43 26308 [Note] InnoDB: The InnoDB memory heap is disabled
2015-08-19 17:30:43 26308 [Note] InnoDB: Mutexes and rw_locks use Windows interlocked functions
2015-08-19 17:30:43 26308 [Note] InnoDB: Compressed tables use zlib 1.2.3
2015-08-19 17:30:43 26308 [Note] InnoDB: Not using CPU crc32 instructions
2015-08-19 17:30:43 26308 [Note] InnoDB: Initializing buffer pool, size = 128.0M
2015-08-19 17:30:43 26308 [Note] InnoDB: Completed initialization of buffer pool
2015-08-19 17:30:43 26308 [Note] InnoDB: Highest supported file format is Barracuda.
2015-08-19 17:30:43 26308 [Note] InnoDB: The log sequence numbers 1626134 and 1626134 in ibdata files do not match the log sequence number 1626676 in the ib_logfiles!
2015-08-19 17:30:43 26308 [Note] InnoDB: Database was not shutdown normally!
2015-08-19 17:30:43 26308 [Note] InnoDB: Starting crash recovery.
2015-08-19 17:30:43 26308 [Note] InnoDB: Reading tablespace information from the .ibd files...
2015-08-19 17:30:43 26308 [Note] InnoDB: Restoring possible half-written data pages 
2015-08-19 17:30:43 26308 [Note] InnoDB: from the doublewrite buffer...
2015-08-19 17:30:43 26308 [Note] InnoDB: 128 rollback segment(s) are active.
2015-08-19 17:30:43 26308 [Note] InnoDB: Waiting for purge to start
2015-08-19 17:30:43 26308 [Note] InnoDB: 5.6.13 started; log sequence number 1626676
2015-08-19 17:30:43 26308 [Note] Server hostname (bind-address): '*'; port: 3307
2015-08-19 17:30:43 26308 [Note] IPv6 is available.
2015-08-19 17:30:43 26308 [Note]   - '::' resolves to '::';
2015-08-19 17:30:43 26308 [Note] Server socket created on IP: '::'.
2015-08-19 17:40:45 29220 [Note] Plugin 'FEDERATED' is disabled.
2015-08-19 17:40:45 29220 [Note] InnoDB: The InnoDB memory heap is disabled
2015-08-19 17:40:45 29220 [Note] InnoDB: Mutexes and rw_locks use Windows interlocked functions
2015-08-19 17:40:45 29220 [Note] InnoDB: Compressed tables use zlib 1.2.3
2015-08-19 17:40:45 29220 [Note] InnoDB: Not using CPU crc32 instructions
2015-08-19 17:40:45 29220 [Note] InnoDB: Initializing buffer pool, size = 128.0M
2015-08-19 17:40:45 29220 [Note] InnoDB: Completed initialization of buffer pool
2015-08-19 17:40:45 29220 [Note] InnoDB: Highest supported file format is Barracuda.
2015-08-19 17:40:45 29220 [Note] InnoDB: The log sequence numbers 1626134 and 1626134 in ibdata files do not match the log sequence number 1626686 in the ib_logfiles!
2015-08-19 17:40:45 29220 [Note] InnoDB: Database was not shutdown normally!
2015-08-19 17:40:45 29220 [Note] InnoDB: Starting crash recovery.
2015-08-19 17:40:45 29220 [Note] InnoDB: Reading tablespace information from the .ibd files...
2015-08-19 17:40:45 29220 [Note] InnoDB: Restoring possible half-written data pages 
2015-08-19 17:40:45 29220 [Note] InnoDB: from the doublewrite buffer...
2015-08-19 17:40:46 29220 [Note] InnoDB: 128 rollback segment(s) are active.
2015-08-19 17:40:46 29220 [Note] InnoDB: Waiting for purge to start
2015-08-19 17:40:46 29220 [Note] InnoDB: 5.6.13 started; log sequence number 1626686
2015-08-19 17:40:46 29220 [Note] Server hostname (bind-address): '*'; port: 3307
2015-08-19 17:40:46 29220 [Note] IPv6 is available.
2015-08-19 17:40:46 29220 [Note]   - '::' resolves to '::';
2015-08-19 17:40:46 29220 [Note] Server socket created on IP: '::'.
2015-08-19 17:41:48 29204 [Note] Plugin 'FEDERATED' is disabled.
2015-08-19 17:41:48 29204 [Note] InnoDB: The InnoDB memory heap is disabled
2015-08-19 17:41:48 29204 [Note] InnoDB: Mutexes and rw_locks use Windows interlocked functions
2015-08-19 17:41:48 29204 [Note] InnoDB: Compressed tables use zlib 1.2.3
2015-08-19 17:41:48 29204 [Note] InnoDB: Not using CPU crc32 instructions
2015-08-19 17:41:48 29204 [Note] InnoDB: Initializing buffer pool, size = 128.0M
2015-08-19 17:41:48 29204 [Note] InnoDB: Completed initialization of buffer pool
2015-08-19 17:41:48 29204 [Note] InnoDB: Highest supported file format is Barracuda.
2015-08-19 17:41:48 29204 [Note] InnoDB: The log sequence numbers 1626134 and 1626134 in ibdata files do not match the log sequence number 1626696 in the ib_logfiles!
2015-08-19 17:41:48 29204 [Note] InnoDB: Database was not shutdown normally!
2015-08-19 17:41:48 29204 [Note] InnoDB: Starting crash recovery.
2015-08-19 17:41:48 29204 [Note] InnoDB: Reading tablespace information from the .ibd files...
2015-08-19 17:41:48 29204 [Note] InnoDB: Restoring possible half-written data pages 
2015-08-19 17:41:48 29204 [Note] InnoDB: from the doublewrite buffer...
2015-08-19 17:41:48 29204 [Note] InnoDB: 128 rollback segment(s) are active.
2015-08-19 17:41:48 29204 [Note] InnoDB: Waiting for purge to start
2015-08-19 17:41:48 29204 [Note] InnoDB: 5.6.13 started; log sequence number 1626696
2015-08-19 17:41:48 29204 [Note] Server hostname (bind-address): '*'; port: 3307
2015-08-19 17:41:48 29204 [Note] IPv6 is available.
2015-08-19 17:41:48 29204 [Note]   - '::' resolves to '::';
2015-08-19 17:41:48 29204 [Note] Server socket created on IP: '::'.
2016-03-11 20:43:06 3468 [Note] Plugin 'FEDERATED' is disabled.
2016-03-11 20:43:06 3468 [Note] InnoDB: The InnoDB memory heap is disabled
2016-03-11 20:43:06 3468 [Note] InnoDB: Mutexes and rw_locks use Windows interlocked functions
2016-03-11 20:43:06 3468 [Note] InnoDB: Compressed tables use zlib 1.2.3
2016-03-11 20:43:06 3468 [Note] InnoDB: Not using CPU crc32 instructions
2016-03-11 20:43:06 3468 [Note] InnoDB: Initializing buffer pool, size = 128.0M
2016-03-11 20:43:06 3468 [Note] InnoDB: Completed initialization of buffer pool
2016-03-11 20:43:06 3468 [Note] InnoDB: Highest supported file format is Barracuda.
2016-03-11 20:43:06 3468 [Note] InnoDB: The log sequence numbers 1626134 and 1626134 in ibdata files do not match the log sequence number 1626706 in the ib_logfiles!
2016-03-11 20:43:06 3468 [Note] InnoDB: Database was not shutdown normally!
2016-03-11 20:43:06 3468 [Note] InnoDB: Starting crash recovery.
2016-03-11 20:43:06 3468 [Note] InnoDB: Reading tablespace information from the .ibd files...
2016-03-11 20:43:06 3468 [Note] InnoDB: Restoring possible half-written data pages 
2016-03-11 20:43:06 3468 [Note] InnoDB: from the doublewrite buffer...
2016-03-11 20:43:07 3468 [Note] InnoDB: 128 rollback segment(s) are active.
2016-03-11 20:43:07 3468 [Note] InnoDB: Waiting for purge to start
2016-03-11 20:43:07 3468 [Note] InnoDB: 5.6.13 started; log sequence number 1626706
2016-03-11 20:43:07 3468 [Note] Server hostname (bind-address): '*'; port: 3307
2016-03-11 20:43:07 3468 [Note] IPv6 is available.
2016-03-11 20:43:07 3468 [Note]   - '::' resolves to '::';
2016-03-11 20:43:07 3468 [Note] Server socket created on IP: '::'.
2016-03-11 20:43:35 6608 [Note] Plugin 'FEDERATED' is disabled.
2016-03-11 20:43:35 6608 [Note] InnoDB: The InnoDB memory heap is disabled
2016-03-11 20:43:35 6608 [Note] InnoDB: Mutexes and rw_locks use Windows interlocked functions
2016-03-11 20:43:35 6608 [Note] InnoDB: Compressed tables use zlib 1.2.3
2016-03-11 20:43:35 6608 [Note] InnoDB: Not using CPU crc32 instructions
2016-03-11 20:43:35 6608 [Note] InnoDB: Initializing buffer pool, size = 128.0M
2016-03-11 20:43:35 6608 [Note] InnoDB: Completed initialization of buffer pool
2016-03-11 20:43:35 6608 [Note] InnoDB: Highest supported file format is Barracuda.
2016-03-11 20:43:35 6608 [Note] InnoDB: The log sequence numbers 1626134 and 1626134 in ibdata files do not match the log sequence number 1626716 in the ib_logfiles!
2016-03-11 20:43:35 6608 [Note] InnoDB: Database was not shutdown normally!
2016-03-11 20:43:35 6608 [Note] InnoDB: Starting crash recovery.
2016-03-11 20:43:35 6608 [Note] InnoDB: Reading tablespace information from the .ibd files...
2016-03-11 20:43:35 6608 [Note] InnoDB: Restoring possible half-written data pages 
2016-03-11 20:43:35 6608 [Note] InnoDB: from the doublewrite buffer...
2016-03-11 20:43:35 6608 [Note] InnoDB: 128 rollback segment(s) are active.
2016-03-11 20:43:35 6608 [Note] InnoDB: Waiting for purge to start
2016-03-11 20:43:35 6608 [Note] InnoDB: 5.6.13 started; log sequence number 1626716
2016-03-11 20:43:35 6608 [Note] Server hostname (bind-address): '*'; port: 3307
2016-03-11 20:43:35 6608 [Note] IPv6 is available.
2016-03-11 20:43:35 6608 [Note]   - '::' resolves to '::';
2016-03-11 20:43:35 6608 [Note] Server socket created on IP: '::'.
2016-03-11 21:13:17 13108 [Note] Plugin 'FEDERATED' is disabled.
2016-03-11 21:13:17 13108 [Note] InnoDB: The InnoDB memory heap is disabled
2016-03-11 21:13:17 13108 [Note] InnoDB: Mutexes and rw_locks use Windows interlocked functions
2016-03-11 21:13:17 13108 [Note] InnoDB: Compressed tables use zlib 1.2.3
2016-03-11 21:13:17 13108 [Note] InnoDB: Not using CPU crc32 instructions
2016-03-11 21:13:17 13108 [Note] InnoDB: Initializing buffer pool, size = 128.0M
2016-03-11 21:13:17 13108 [Note] InnoDB: Completed initialization of buffer pool
2016-03-11 21:13:17 13108 [Note] InnoDB: Highest supported file format is Barracuda.
2016-03-11 21:13:17 13108 [Note] InnoDB: The log sequence numbers 1626134 and 1626134 in ibdata files do not match the log sequence number 1626726 in the ib_logfiles!
2016-03-11 21:13:17 13108 [Note] InnoDB: Database was not shutdown normally!
2016-03-11 21:13:17 13108 [Note] InnoDB: Starting crash recovery.
2016-03-11 21:13:17 13108 [Note] InnoDB: Reading tablespace information from the .ibd files...
2016-03-11 21:13:17 13108 [Note] InnoDB: Restoring possible half-written data pages 
2016-03-11 21:13:17 13108 [Note] InnoDB: from the doublewrite buffer...
2016-03-11 21:13:17 13108 [Note] InnoDB: 128 rollback segment(s) are active.
2016-03-11 21:13:17 13108 [Note] InnoDB: Waiting for purge to start
2016-03-11 21:13:17 13108 [Note] InnoDB: 5.6.13 started; log sequence number 1626726
2016-03-11 21:13:17 13108 [Note] Server hostname (bind-address): '*'; port: 3307
2016-03-11 21:13:17 13108 [Note] IPv6 is available.
2016-03-11 21:13:17 13108 [Note]   - '::' resolves to '::';
2016-03-11 21:13:17 13108 [Note] Server socket created on IP: '::'.
2016-04-16 11:08:40 8028 [Note] Plugin 'FEDERATED' is disabled.
2016-04-16 11:08:40 8028 [Note] InnoDB: The InnoDB memory heap is disabled
2016-04-16 11:08:40 8028 [Note] InnoDB: Mutexes and rw_locks use Windows interlocked functions
2016-04-16 11:08:40 8028 [Note] InnoDB: Compressed tables use zlib 1.2.3
2016-04-16 11:08:40 8028 [Note] InnoDB: Not using CPU crc32 instructions
2016-04-16 11:08:40 8028 [Note] InnoDB: Initializing buffer pool, size = 128.0M
2016-04-16 11:08:40 8028 [Note] InnoDB: Completed initialization of buffer pool
2016-04-16 11:08:40 8028 [Note] InnoDB: Highest supported file format is Barracuda.
2016-04-16 11:08:40 8028 [Note] InnoDB: The log sequence numbers 1626134 and 1626134 in ibdata files do not match the log sequence number 1626736 in the ib_logfiles!
2016-04-16 11:08:40 8028 [Note] InnoDB: Database was not shutdown normally!
2016-04-16 11:08:40 8028 [Note] InnoDB: Starting crash recovery.
2016-04-16 11:08:40 8028 [Note] InnoDB: Reading tablespace information from the .ibd files...
2016-04-16 11:08:40 8028 [Note] InnoDB: Restoring possible half-written data pages 
2016-04-16 11:08:40 8028 [Note] InnoDB: from the doublewrite buffer...
2016-04-16 11:08:40 8028 [Note] InnoDB: 128 rollback segment(s) are active.
2016-04-16 11:08:40 8028 [Note] InnoDB: Waiting for purge to start
2016-04-16 11:08:40 8028 [Note] InnoDB: 5.6.13 started; log sequence number 1626736
2016-04-16 11:08:40 8028 [Note] Server hostname (bind-address): '*'; port: 3307
2016-04-16 11:08:40 8028 [Note] IPv6 is available.
2016-04-16 11:08:40 8028 [Note]   - '::' resolves to '::';
2016-04-16 11:08:40 8028 [Note] Server socket created on IP: '::'.
2016-04-16 11:09:04 15424 [Note] Plugin 'FEDERATED' is disabled.
2016-04-16 11:09:04 15424 [Note] InnoDB: The InnoDB memory heap is disabled
2016-04-16 11:09:04 15424 [Note] InnoDB: Mutexes and rw_locks use Windows interlocked functions
2016-04-16 11:09:04 15424 [Note] InnoDB: Compressed tables use zlib 1.2.3
2016-04-16 11:09:04 15424 [Note] InnoDB: Not using CPU crc32 instructions
2016-04-16 11:09:04 15424 [Note] InnoDB: Initializing buffer pool, size = 128.0M
2016-04-16 11:09:04 15424 [Note] InnoDB: Completed initialization of buffer pool
2016-04-16 11:09:04 15424 [ERROR] InnoDB: C:\Users\Thijs van Dam\Documents\PHPStorm Projects\FlevoDeltaKampeerWeekend Website\Website_KampeerWeekend\usbweb\mysql\data\ibdata1 can't be opened in read-write mode
2016-04-16 11:09:04 15424 [ERROR] InnoDB: The system tablespace must be writable!
2016-04-16 11:09:04 15424 [ERROR] Plugin 'InnoDB' init function returned error.
2016-04-16 11:09:04 15424 [ERROR] Plugin 'InnoDB' registration as a STORAGE ENGINE failed.
2016-04-16 11:09:04 15424 [ERROR] Unknown/unsupported storage engine: InnoDB
2016-04-16 11:09:04 15424 [ERROR] Aborting

2016-04-16 11:09:04 15424 [Note] Binlog end
2016-04-16 11:09:04 15424 [Note] Shutting down plugin 'partition'
2016-04-16 11:09:04 15424 [Note] Shutting down plugin 'PERFORMANCE_SCHEMA'
2016-04-16 11:09:04 15424 [Note] Shutting down plugin 'INNODB_SYS_DATAFILES'
2016-04-16 11:09:04 15424 [Note] Shutting down plugin 'INNODB_SYS_TABLESPACES'
2016-04-16 11:09:04 15424 [Note] Shutting down plugin 'INNODB_SYS_FOREIGN_COLS'
2016-04-16 11:09:04 15424 [Note] Shutting down plugin 'INNODB_SYS_FOREIGN'
2016-04-16 11:09:04 15424 [Note] Shutting down plugin 'INNODB_SYS_FIELDS'
2016-04-16 11:09:04 15424 [Note] Shutting down plugin 'INNODB_SYS_COLUMNS'
2016-04-16 11:09:04 15424 [Note] Shutting down plugin 'INNODB_SYS_INDEXES'
2016-04-16 11:09:04 15424 [Note] Shutting down plugin 'INNODB_SYS_TABLESTATS'
2016-04-16 11:09:04 15424 [Note] Shutting down plugin 'INNODB_SYS_TABLES'
2016-04-16 11:09:04 15424 [Note] Shutting down plugin 'INNODB_FT_INDEX_TABLE'
2016-04-16 11:09:04 15424 [Note] Shutting down plugin 'INNODB_FT_INDEX_CACHE'
2016-04-16 11:09:04 15424 [Note] Shutting down plugin 'INNODB_FT_CONFIG'
2016-04-16 11:09:04 15424 [Note] Shutting down plugin 'INNODB_FT_BEING_DELETED'
2016-04-16 11:09:04 15424 [Note] Shutting down plugin 'INNODB_FT_DELETED'
2016-04-16 11:09:04 15424 [Note] Shutting down plugin 'INNODB_FT_DEFAULT_STOPWORD'
2016-04-16 11:09:04 15424 [Note] Shutting down plugin 'INNODB_METRICS'
2016-04-16 11:09:04 15424 [Note] Shutting down plugin 'INNODB_BUFFER_POOL_STATS'
2016-04-16 11:09:04 15424 [Note] Shutting down plugin 'INNODB_BUFFER_PAGE_LRU'
2016-04-16 11:09:04 15424 [Note] Shutting down plugin 'INNODB_BUFFER_PAGE'
2016-04-16 11:09:04 15424 [Note] Shutting down plugin 'INNODB_CMP_PER_INDEX_RESET'
2016-04-16 11:09:04 15424 [Note] Shutting down plugin 'INNODB_CMP_PER_INDEX'
2016-04-16 11:09:04 15424 [Note] Shutting down plugin 'INNODB_CMPMEM_RESET'
2016-04-16 11:09:04 15424 [Note] Shutting down plugin 'INNODB_CMPMEM'
2016-04-16 11:09:04 15424 [Note] Shutting down plugin 'INNODB_CMP_RESET'
2016-04-16 11:09:04 15424 [Note] Shutting down plugin 'INNODB_CMP'
2016-04-16 11:09:04 15424 [Note] Shutting down plugin 'INNODB_LOCK_WAITS'
2016-04-16 11:09:04 15424 [Note] Shutting down plugin 'INNODB_LOCKS'
2016-04-16 11:09:04 15424 [Note] Shutting down plugin 'INNODB_TRX'
2016-04-16 11:09:04 15424 [Note] Shutting down plugin 'BLACKHOLE'
2016-04-16 11:09:04 15424 [Note] Shutting down plugin 'ARCHIVE'
2016-04-16 11:09:04 15424 [Note] Shutting down plugin 'MRG_MYISAM'
2016-04-16 11:09:04 15424 [Note] Shutting down plugin 'MyISAM'
2016-04-16 11:09:04 15424 [Note] Shutting down plugin 'MEMORY'
2016-04-16 11:09:04 15424 [Note] Shutting down plugin 'CSV'
2016-04-16 11:09:04 15424 [Note] Shutting down plugin 'sha256_password'
2016-04-16 11:09:04 15424 [Note] Shutting down plugin 'mysql_old_password'
2016-04-16 11:09:04 15424 [Note] Shutting down plugin 'mysql_native_password'
2016-04-16 11:09:04 15424 [Note] Shutting down plugin 'binlog'
2016-04-16 11:09:04 15424 [Note] C:\Users\Thijs van Dam\Documents\PHPStorm Projects\FlevoDeltaKampeerWeekend Website\Website_KampeerWeekend\usbweb/mysql/bin/mysqld_usbwv8.exe: Shutdown complete

2016-04-16 11:09:22 10388 [Note] Plugin 'FEDERATED' is disabled.
2016-04-16 11:09:22 10388 [Note] InnoDB: The InnoDB memory heap is disabled
2016-04-16 11:09:22 10388 [Note] InnoDB: Mutexes and rw_locks use Windows interlocked functions
2016-04-16 11:09:22 10388 [Note] InnoDB: Compressed tables use zlib 1.2.3
2016-04-16 11:09:22 10388 [Note] InnoDB: Not using CPU crc32 instructions
2016-04-16 11:09:22 10388 [Note] InnoDB: Initializing buffer pool, size = 128.0M
2016-04-16 11:09:22 10388 [Note] InnoDB: Completed initialization of buffer pool
2016-04-16 11:09:22 10388 [Note] InnoDB: Highest supported file format is Barracuda.
2016-04-16 11:09:22 10388 [Note] InnoDB: The log sequence numbers 1626134 and 1626134 in ibdata files do not match the log sequence number 1626746 in the ib_logfiles!
2016-04-16 11:09:22 10388 [Note] InnoDB: Database was not shutdown normally!
2016-04-16 11:09:22 10388 [Note] InnoDB: Starting crash recovery.
2016-04-16 11:09:22 10388 [Note] InnoDB: Reading tablespace information from the .ibd files...
2016-04-16 11:09:22 10388 [Note] InnoDB: Restoring possible half-written data pages 
2016-04-16 11:09:22 10388 [Note] InnoDB: from the doublewrite buffer...
2016-04-16 11:09:23 10388 [Note] InnoDB: 128 rollback segment(s) are active.
2016-04-16 11:09:23 10388 [Note] InnoDB: Waiting for purge to start
2016-04-16 11:09:23 10388 [Note] InnoDB: 5.6.13 started; log sequence number 1626746
2016-04-16 11:09:23 10388 [Note] Server hostname (bind-address): '*'; port: 3307
2016-04-16 11:09:23 10388 [Note] IPv6 is available.
2016-04-16 11:09:23 10388 [Note]   - '::' resolves to '::';
2016-04-16 11:09:23 10388 [Note] Server socket created on IP: '::'.
2016-04-16 11:10:09 12228 [Note] Plugin 'FEDERATED' is disabled.
2016-04-16 11:10:09 12228 [Note] InnoDB: The InnoDB memory heap is disabled
2016-04-16 11:10:09 12228 [Note] InnoDB: Mutexes and rw_locks use Windows interlocked functions
2016-04-16 11:10:09 12228 [Note] InnoDB: Compressed tables use zlib 1.2.3
2016-04-16 11:10:09 12228 [Note] InnoDB: Not using CPU crc32 instructions
2016-04-16 11:10:09 12228 [Note] InnoDB: Initializing buffer pool, size = 128.0M
2016-04-16 11:10:09 12228 [Note] InnoDB: Completed initialization of buffer pool
2016-04-16 11:10:09 12228 [Note] InnoDB: Highest supported file format is Barracuda.
2016-04-16 11:10:09 12228 [Note] InnoDB: The log sequence numbers 1626134 and 1626134 in ibdata files do not match the log sequence number 1626756 in the ib_logfiles!
2016-04-16 11:10:09 12228 [Note] InnoDB: Database was not shutdown normally!
2016-04-16 11:10:09 12228 [Note] InnoDB: Starting crash recovery.
2016-04-16 11:10:09 12228 [Note] InnoDB: Reading tablespace information from the .ibd files...
2016-04-16 11:10:09 12228 [Note] InnoDB: Restoring possible half-written data pages 
2016-04-16 11:10:09 12228 [Note] InnoDB: from the doublewrite buffer...
2016-04-16 11:10:09 12228 [Note] InnoDB: 128 rollback segment(s) are active.
2016-04-16 11:10:09 12228 [Note] InnoDB: Waiting for purge to start
2016-04-16 11:10:09 12228 [Note] InnoDB: 5.6.13 started; log sequence number 1626756
2016-04-16 11:10:09 12228 [Note] Server hostname (bind-address): '*'; port: 3307
2016-04-16 11:10:09 12228 [Note] IPv6 is available.
2016-04-16 11:10:09 12228 [Note]   - '::' resolves to '::';
2016-04-16 11:10:09 12228 [Note] Server socket created on IP: '::'.
2016-04-16 11:10:33 544 [Note] Plugin 'FEDERATED' is disabled.
2016-04-16 11:10:33 544 [Note] InnoDB: The InnoDB memory heap is disabled
2016-04-16 11:10:33 544 [Note] InnoDB: Mutexes and rw_locks use Windows interlocked functions
2016-04-16 11:10:33 544 [Note] InnoDB: Compressed tables use zlib 1.2.3
2016-04-16 11:10:33 544 [Note] InnoDB: Not using CPU crc32 instructions
2016-04-16 11:10:33 544 [Note] InnoDB: Initializing buffer pool, size = 128.0M
2016-04-16 11:10:33 544 [Note] InnoDB: Completed initialization of buffer pool
2016-04-16 11:10:33 544 [Note] InnoDB: Highest supported file format is Barracuda.
2016-04-16 11:10:33 544 [Note] InnoDB: The log sequence numbers 1626134 and 1626134 in ibdata files do not match the log sequence number 1626766 in the ib_logfiles!
2016-04-16 11:10:33 544 [Note] InnoDB: Database was not shutdown normally!
2016-04-16 11:10:33 544 [Note] InnoDB: Starting crash recovery.
2016-04-16 11:10:33 544 [Note] InnoDB: Reading tablespace information from the .ibd files...
2016-04-16 11:10:33 544 [Note] InnoDB: Restoring possible half-written data pages 
2016-04-16 11:10:33 544 [Note] InnoDB: from the doublewrite buffer...
2016-04-16 11:10:33 544 [Note] InnoDB: 128 rollback segment(s) are active.
2016-04-16 11:10:33 544 [Note] InnoDB: Waiting for purge to start
2016-04-16 11:10:33 544 [Note] InnoDB: 5.6.13 started; log sequence number 1626766
2016-04-16 11:10:33 544 [Note] Server hostname (bind-address): '*'; port: 3307
2016-04-16 11:10:33 544 [Note] IPv6 is available.
2016-04-16 11:10:33 544 [Note]   - '::' resolves to '::';
2016-04-16 11:10:33 544 [Note] Server socket created on IP: '::'.
2016-04-16 11:10:33 544 [Note] Event Scheduler: Loaded 0 events
2016-04-16 11:10:33 544 [Note] C:\Users\Thijs van Dam\Documents\PHPStorm Projects\FlevoDeltaKampeerWeekend Website\Website_KampeerWeekend\usbweb/mysql/bin/mysqld_usbwv8.exe: ready for connections.
Version: '5.6.13'  socket: ''  port: 3307  MySQL Community Server (GPL)
2016-04-16 11:10:46 19336 [Note] Plugin 'FEDERATED' is disabled.
2016-04-16 11:10:46 19336 [Note] InnoDB: The InnoDB memory heap is disabled
2016-04-16 11:10:46 19336 [Note] InnoDB: Mutexes and rw_locks use Windows interlocked functions
2016-04-16 11:10:46 19336 [Note] InnoDB: Compressed tables use zlib 1.2.3
2016-04-16 11:10:46 19336 [Note] InnoDB: Not using CPU crc32 instructions
2016-04-16 11:10:46 19336 [Note] InnoDB: Initializing buffer pool, size = 128.0M
2016-04-16 11:10:46 19336 [Note] InnoDB: Completed initialization of buffer pool
2016-04-16 11:10:46 19336 [Note] InnoDB: Highest supported file format is Barracuda.
2016-04-16 11:10:46 19336 [Note] InnoDB: The log sequence numbers 1626134 and 1626134 in ibdata files do not match the log sequence number 1626776 in the ib_logfiles!
2016-04-16 11:10:46 19336 [Note] InnoDB: Database was not shutdown normally!
2016-04-16 11:10:46 19336 [Note] InnoDB: Starting crash recovery.
2016-04-16 11:10:46 19336 [Note] InnoDB: Reading tablespace information from the .ibd files...
2016-04-16 11:10:46 19336 [Note] InnoDB: Restoring possible half-written data pages 
2016-04-16 11:10:46 19336 [Note] InnoDB: from the doublewrite buffer...
2016-04-16 11:10:46 19336 [Note] InnoDB: 128 rollback segment(s) are active.
2016-04-16 11:10:46 19336 [Note] InnoDB: Waiting for purge to start
2016-04-16 11:10:46 19336 [Note] InnoDB: 5.6.13 started; log sequence number 1626776
2016-04-16 11:10:46 19336 [Note] Server hostname (bind-address): '*'; port: 3307
2016-04-16 11:10:46 19336 [Note] IPv6 is available.
2016-04-16 11:10:46 19336 [Note]   - '::' resolves to '::';
2016-04-16 11:10:46 19336 [Note] Server socket created on IP: '::'.
2016-04-16 11:13:41 17088 [Note] Plugin 'FEDERATED' is disabled.
2016-04-16 11:13:41 17088 [Note] InnoDB: The InnoDB memory heap is disabled
2016-04-16 11:13:41 17088 [Note] InnoDB: Mutexes and rw_locks use Windows interlocked functions
2016-04-16 11:13:41 17088 [Note] InnoDB: Compressed tables use zlib 1.2.3
2016-04-16 11:13:41 17088 [Note] InnoDB: Not using CPU crc32 instructions
2016-04-16 11:13:41 17088 [Note] InnoDB: Initializing buffer pool, size = 128.0M
2016-04-16 11:13:41 17088 [Note] InnoDB: Completed initialization of buffer pool
2016-04-16 11:13:41 17088 [Note] InnoDB: Highest supported file format is Barracuda.
2016-04-16 11:13:41 17088 [Note] InnoDB: The log sequence numbers 1626134 and 1626134 in ibdata files do not match the log sequence number 1626786 in the ib_logfiles!
2016-04-16 11:13:41 17088 [Note] InnoDB: Database was not shutdown normally!
2016-04-16 11:13:41 17088 [Note] InnoDB: Starting crash recovery.
2016-04-16 11:13:41 17088 [Note] InnoDB: Reading tablespace information from the .ibd files...
2016-04-16 11:13:41 17088 [Note] InnoDB: Restoring possible half-written data pages 
2016-04-16 11:13:41 17088 [Note] InnoDB: from the doublewrite buffer...
2016-04-16 11:13:41 17088 [Note] InnoDB: 128 rollback segment(s) are active.
2016-04-16 11:13:41 17088 [Note] InnoDB: Waiting for purge to start
2016-04-16 11:13:41 17088 [Note] InnoDB: 5.6.13 started; log sequence number 1626786
2016-04-16 11:13:41 17088 [Note] Server hostname (bind-address): '*'; port: 3307
2016-04-16 11:13:41 17088 [Note] IPv6 is available.
2016-04-16 11:13:41 17088 [Note]   - '::' resolves to '::';
2016-04-16 11:13:41 17088 [Note] Server socket created on IP: '::'.
2016-04-16 11:13:49 19716 [Note] Plugin 'FEDERATED' is disabled.
2016-04-16 11:13:49 19716 [Note] InnoDB: The InnoDB memory heap is disabled
2016-04-16 11:13:49 19716 [Note] InnoDB: Mutexes and rw_locks use Windows interlocked functions
2016-04-16 11:13:49 19716 [Note] InnoDB: Compressed tables use zlib 1.2.3
2016-04-16 11:13:49 19716 [Note] InnoDB: Not using CPU crc32 instructions
2016-04-16 11:13:49 19716 [Note] InnoDB: Initializing buffer pool, size = 128.0M
2016-04-16 11:13:49 19716 [Note] InnoDB: Completed initialization of buffer pool
2016-04-16 11:13:49 19716 [ERROR] InnoDB: C:\Users\Thijs van Dam\Documents\PHPStorm Projects\FlevoDeltaKampeerWeekend Website\Website_KampeerWeekend\usbweb\mysql\data\ibdata1 can't be opened in read-write mode
2016-04-16 11:13:49 19716 [ERROR] InnoDB: The system tablespace must be writable!
2016-04-16 11:13:49 19716 [ERROR] Plugin 'InnoDB' init function returned error.
2016-04-16 11:13:49 19716 [ERROR] Plugin 'InnoDB' registration as a STORAGE ENGINE failed.
2016-04-16 11:13:49 19716 [ERROR] Unknown/unsupported storage engine: InnoDB
2016-04-16 11:13:49 19716 [ERROR] Aborting

2016-04-16 11:13:49 19716 [Note] Binlog end
2016-04-16 11:13:49 19716 [Note] Shutting down plugin 'partition'
2016-04-16 11:13:49 19716 [Note] Shutting down plugin 'PERFORMANCE_SCHEMA'
2016-04-16 11:13:49 19716 [Note] Shutting down plugin 'INNODB_SYS_DATAFILES'
2016-04-16 11:13:49 19716 [Note] Shutting down plugin 'INNODB_SYS_TABLESPACES'
2016-04-16 11:13:49 19716 [Note] Shutting down plugin 'INNODB_SYS_FOREIGN_COLS'
2016-04-16 11:13:49 19716 [Note] Shutting down plugin 'INNODB_SYS_FOREIGN'
2016-04-16 11:13:49 19716 [Note] Shutting down plugin 'INNODB_SYS_FIELDS'
2016-04-16 11:13:49 19716 [Note] Shutting down plugin 'INNODB_SYS_COLUMNS'
2016-04-16 11:13:49 19716 [Note] Shutting down plugin 'INNODB_SYS_INDEXES'
2016-04-16 11:13:49 19716 [Note] Shutting down plugin 'INNODB_SYS_TABLESTATS'
2016-04-16 11:13:49 19716 [Note] Shutting down plugin 'INNODB_SYS_TABLES'
2016-04-16 11:13:49 19716 [Note] Shutting down plugin 'INNODB_FT_INDEX_TABLE'
2016-04-16 11:13:49 19716 [Note] Shutting down plugin 'INNODB_FT_INDEX_CACHE'
2016-04-16 11:13:49 19716 [Note] Shutting down plugin 'INNODB_FT_CONFIG'
2016-04-16 11:13:49 19716 [Note] Shutting down plugin 'INNODB_FT_BEING_DELETED'
2016-04-16 11:13:49 19716 [Note] Shutting down plugin 'INNODB_FT_DELETED'
2016-04-16 11:13:49 19716 [Note] Shutting down plugin 'INNODB_FT_DEFAULT_STOPWORD'
2016-04-16 11:13:49 19716 [Note] Shutting down plugin 'INNODB_METRICS'
2016-04-16 11:13:49 19716 [Note] Shutting down plugin 'INNODB_BUFFER_POOL_STATS'
2016-04-16 11:13:49 19716 [Note] Shutting down plugin 'INNODB_BUFFER_PAGE_LRU'
2016-04-16 11:13:49 19716 [Note] Shutting down plugin 'INNODB_BUFFER_PAGE'
2016-04-16 11:13:49 19716 [Note] Shutting down plugin 'INNODB_CMP_PER_INDEX_RESET'
2016-04-16 11:13:49 19716 [Note] Shutting down plugin 'INNODB_CMP_PER_INDEX'
2016-04-16 11:13:49 19716 [Note] Shutting down plugin 'INNODB_CMPMEM_RESET'
2016-04-16 11:13:49 19716 [Note] Shutting down plugin 'INNODB_CMPMEM'
2016-04-16 11:13:49 19716 [Note] Shutting down plugin 'INNODB_CMP_RESET'
2016-04-16 11:13:49 19716 [Note] Shutting down plugin 'INNODB_CMP'
2016-04-16 11:13:49 19716 [Note] Shutting down plugin 'INNODB_LOCK_WAITS'
2016-04-16 11:13:49 19716 [Note] Shutting down plugin 'INNODB_LOCKS'
2016-04-16 11:13:49 19716 [Note] Shutting down plugin 'INNODB_TRX'
2016-04-16 11:13:49 19716 [Note] Shutting down plugin 'BLACKHOLE'
2016-04-16 11:13:49 19716 [Note] Shutting down plugin 'ARCHIVE'
2016-04-16 11:13:49 19716 [Note] Shutting down plugin 'MRG_MYISAM'
2016-04-16 11:13:49 19716 [Note] Shutting down plugin 'MyISAM'
2016-04-16 11:13:49 19716 [Note] Shutting down plugin 'MEMORY'
2016-04-16 11:13:49 19716 [Note] Shutting down plugin 'CSV'
2016-04-16 11:13:49 19716 [Note] Shutting down plugin 'sha256_password'
2016-04-16 11:13:49 19716 [Note] Shutting down plugin 'mysql_old_password'
2016-04-16 11:13:49 19716 [Note] Shutting down plugin 'mysql_native_password'
2016-04-16 11:13:49 19716 [Note] Shutting down plugin 'binlog'
2016-04-16 11:13:49 19716 [Note] C:\Users\Thijs van Dam\Documents\PHPStorm Projects\FlevoDeltaKampeerWeekend Website\Website_KampeerWeekend\usbweb/mysql/bin/mysqld_usbwv8.exe: Shutdown complete

2016-04-16 11:13:51 9280 [Note] Plugin 'FEDERATED' is disabled.
2016-04-16 11:13:51 9280 [Note] InnoDB: The InnoDB memory heap is disabled
2016-04-16 11:13:51 9280 [Note] InnoDB: Mutexes and rw_locks use Windows interlocked functions
2016-04-16 11:13:51 9280 [Note] InnoDB: Compressed tables use zlib 1.2.3
2016-04-16 11:13:51 9280 [Note] InnoDB: Not using CPU crc32 instructions
2016-04-16 11:13:51 9280 [Note] InnoDB: Initializing buffer pool, size = 128.0M
2016-04-16 11:13:51 9280 [Note] InnoDB: Completed initialization of buffer pool
2016-04-16 11:13:51 9280 [Note] InnoDB: Highest supported file format is Barracuda.
2016-04-16 11:13:51 9280 [Note] InnoDB: The log sequence numbers 1626134 and 1626134 in ibdata files do not match the log sequence number 1626796 in the ib_logfiles!
2016-04-16 11:13:51 9280 [Note] InnoDB: Database was not shutdown normally!
2016-04-16 11:13:51 9280 [Note] InnoDB: Starting crash recovery.
2016-04-16 11:13:51 9280 [Note] InnoDB: Reading tablespace information from the .ibd files...
2016-04-16 11:13:51 9280 [Note] InnoDB: Restoring possible half-written data pages 
2016-04-16 11:13:51 9280 [Note] InnoDB: from the doublewrite buffer...
2016-04-16 11:13:51 9280 [Note] InnoDB: 128 rollback segment(s) are active.
2016-04-16 11:13:51 9280 [Note] InnoDB: Waiting for purge to start
2016-04-16 11:13:51 9280 [Note] InnoDB: 5.6.13 started; log sequence number 1626796
2016-04-16 11:13:51 9280 [Note] Server hostname (bind-address): '*'; port: 3307
2016-04-16 11:13:51 9280 [Note] IPv6 is available.
2016-04-16 11:13:51 9280 [Note]   - '::' resolves to '::';
2016-04-16 11:13:51 9280 [Note] Server socket created on IP: '::'.
2016-04-16 11:13:57 7596 [Note] Plugin 'FEDERATED' is disabled.
2016-04-16 11:13:57 7596 [Note] InnoDB: The InnoDB memory heap is disabled
2016-04-16 11:13:57 7596 [Note] InnoDB: Mutexes and rw_locks use Windows interlocked functions
2016-04-16 11:13:57 7596 [Note] InnoDB: Compressed tables use zlib 1.2.3
2016-04-16 11:13:57 7596 [Note] InnoDB: Not using CPU crc32 instructions
2016-04-16 11:13:57 7596 [Note] InnoDB: Initializing buffer pool, size = 128.0M
2016-04-16 11:13:57 7596 [Note] InnoDB: Completed initialization of buffer pool
2016-04-16 11:13:57 7596 [Note] InnoDB: Highest supported file format is Barracuda.
2016-04-16 11:13:57 7596 [Note] InnoDB: The log sequence numbers 1626134 and 1626134 in ibdata files do not match the log sequence number 1626806 in the ib_logfiles!
2016-04-16 11:13:57 7596 [Note] InnoDB: Database was not shutdown normally!
2016-04-16 11:13:57 7596 [Note] InnoDB: Starting crash recovery.
2016-04-16 11:13:57 7596 [Note] InnoDB: Reading tablespace information from the .ibd files...
2016-04-16 11:13:57 7596 [Note] InnoDB: Restoring possible half-written data pages 
2016-04-16 11:13:57 7596 [Note] InnoDB: from the doublewrite buffer...
2016-04-16 11:13:57 7596 [Note] InnoDB: 128 rollback segment(s) are active.
2016-04-16 11:13:57 7596 [Note] InnoDB: Waiting for purge to start
2016-04-16 11:13:57 7596 [Note] InnoDB: 5.6.13 started; log sequence number 1626806
2016-04-16 11:13:57 7596 [Note] Server hostname (bind-address): '*'; port: 3307
2016-04-16 11:13:57 7596 [Note] IPv6 is available.
2016-04-16 11:13:57 7596 [Note]   - '::' resolves to '::';
2016-04-16 11:13:57 7596 [Note] Server socket created on IP: '::'.
2016-04-16 11:14:10 12468 [Note] Plugin 'FEDERATED' is disabled.
2016-04-16 11:14:10 12468 [Note] InnoDB: The InnoDB memory heap is disabled
2016-04-16 11:14:10 12468 [Note] InnoDB: Mutexes and rw_locks use Windows interlocked functions
2016-04-16 11:14:10 12468 [Note] InnoDB: Compressed tables use zlib 1.2.3
2016-04-16 11:14:10 12468 [Note] InnoDB: Not using CPU crc32 instructions
2016-04-16 11:14:10 12468 [Note] InnoDB: Initializing buffer pool, size = 128.0M
2016-04-16 11:14:10 12468 [Note] InnoDB: Completed initialization of buffer pool
2016-04-16 11:14:10 12468 [Note] InnoDB: Highest supported file format is Barracuda.
2016-04-16 11:14:10 12468 [Note] InnoDB: The log sequence numbers 1626134 and 1626134 in ibdata files do not match the log sequence number 1626816 in the ib_logfiles!
2016-04-16 11:14:10 12468 [Note] InnoDB: Database was not shutdown normally!
2016-04-16 11:14:10 12468 [Note] InnoDB: Starting crash recovery.
2016-04-16 11:14:10 12468 [Note] InnoDB: Reading tablespace information from the .ibd files...
2016-04-16 11:14:10 12468 [Note] InnoDB: Restoring possible half-written data pages 
2016-04-16 11:14:10 12468 [Note] InnoDB: from the doublewrite buffer...
2016-04-16 11:14:10 12468 [Note] InnoDB: 128 rollback segment(s) are active.
2016-04-16 11:14:10 12468 [Note] InnoDB: Waiting for purge to start
2016-04-16 11:14:10 12468 [Note] InnoDB: 5.6.13 started; log sequence number 1626816
2016-04-16 11:14:10 12468 [Note] Server hostname (bind-address): '*'; port: 3307
2016-04-16 11:14:10 12468 [Note] IPv6 is available.
2016-04-16 11:14:10 12468 [Note]   - '::' resolves to '::';
2016-04-16 11:14:10 12468 [Note] Server socket created on IP: '::'.
2016-04-16 11:14:18 14804 [Note] Plugin 'FEDERATED' is disabled.
2016-04-16 11:14:18 14804 [Note] InnoDB: The InnoDB memory heap is disabled
2016-04-16 11:14:18 14804 [Note] InnoDB: Mutexes and rw_locks use Windows interlocked functions
2016-04-16 11:14:18 14804 [Note] InnoDB: Compressed tables use zlib 1.2.3
2016-04-16 11:14:18 14804 [Note] InnoDB: Not using CPU crc32 instructions
2016-04-16 11:14:18 14804 [Note] InnoDB: Initializing buffer pool, size = 128.0M
2016-04-16 11:14:18 14804 [Note] InnoDB: Completed initialization of buffer pool
2016-04-16 11:14:18 14804 [Note] InnoDB: Highest supported file format is Barracuda.
2016-04-16 11:14:18 14804 [Note] InnoDB: The log sequence numbers 1626134 and 1626134 in ibdata files do not match the log sequence number 1626826 in the ib_logfiles!
2016-04-16 11:14:18 14804 [Note] InnoDB: Database was not shutdown normally!
2016-04-16 11:14:18 14804 [Note] InnoDB: Starting crash recovery.
2016-04-16 11:14:18 14804 [Note] InnoDB: Reading tablespace information from the .ibd files...
2016-04-16 11:14:18 14804 [Note] InnoDB: Restoring possible half-written data pages 
2016-04-16 11:14:18 14804 [Note] InnoDB: from the doublewrite buffer...
2016-04-16 11:14:19 14804 [Note] InnoDB: 128 rollback segment(s) are active.
2016-04-16 11:14:19 14804 [Note] InnoDB: Waiting for purge to start
2016-04-16 11:14:19 14804 [Note] InnoDB: 5.6.13 started; log sequence number 1626826
2016-04-16 11:14:19 14804 [Note] Server hostname (bind-address): '*'; port: 3307
2016-04-16 11:14:19 14804 [Note] IPv6 is available.
2016-04-16 11:14:19 14804 [Note]   - '::' resolves to '::';
2016-04-16 11:14:19 14804 [Note] Server socket created on IP: '::'.
2016-04-16 11:14:27 1616 [Note] Plugin 'FEDERATED' is disabled.
2016-04-16 11:14:27 1616 [Note] InnoDB: The InnoDB memory heap is disabled
2016-04-16 11:14:27 1616 [Note] InnoDB: Mutexes and rw_locks use Windows interlocked functions
2016-04-16 11:14:27 1616 [Note] InnoDB: Compressed tables use zlib 1.2.3
2016-04-16 11:14:27 1616 [Note] InnoDB: Not using CPU crc32 instructions
2016-04-16 11:14:27 1616 [Note] InnoDB: Initializing buffer pool, size = 128.0M
2016-04-16 11:14:27 1616 [Note] InnoDB: Completed initialization of buffer pool
2016-04-16 11:14:27 1616 [Note] InnoDB: Highest supported file format is Barracuda.
2016-04-16 11:14:27 1616 [Note] InnoDB: The log sequence numbers 1626134 and 1626134 in ibdata files do not match the log sequence number 1626836 in the ib_logfiles!
2016-04-16 11:14:27 1616 [Note] InnoDB: Database was not shutdown normally!
2016-04-16 11:14:27 1616 [Note] InnoDB: Starting crash recovery.
2016-04-16 11:14:27 1616 [Note] InnoDB: Reading tablespace information from the .ibd files...
2016-04-16 11:14:27 1616 [Note] InnoDB: Restoring possible half-written data pages 
2016-04-16 11:14:27 1616 [Note] InnoDB: from the doublewrite buffer...
2016-04-16 11:14:27 1616 [Note] InnoDB: 128 rollback segment(s) are active.
2016-04-16 11:14:27 1616 [Note] InnoDB: Waiting for purge to start
2016-04-16 11:14:27 1616 [Note] InnoDB: 5.6.13 started; log sequence number 1626836
2016-04-16 11:14:27 1616 [Note] Server hostname (bind-address): '*'; port: 3307
2016-04-16 11:14:27 1616 [Note] IPv6 is available.
2016-04-16 11:14:27 1616 [Note]   - '::' resolves to '::';
2016-04-16 11:14:27 1616 [Note] Server socket created on IP: '::'.
2016-04-16 11:14:38 1404 [Note] Plugin 'FEDERATED' is disabled.
2016-04-16 11:14:38 1404 [Note] InnoDB: The InnoDB memory heap is disabled
2016-04-16 11:14:38 1404 [Note] InnoDB: Mutexes and rw_locks use Windows interlocked functions
2016-04-16 11:14:38 1404 [Note] InnoDB: Compressed tables use zlib 1.2.3
2016-04-16 11:14:38 1404 [Note] InnoDB: Not using CPU crc32 instructions
2016-04-16 11:14:38 1404 [Note] InnoDB: Initializing buffer pool, size = 128.0M
2016-04-16 11:14:38 1404 [Note] InnoDB: Completed initialization of buffer pool
2016-04-16 11:14:38 1404 [Note] InnoDB: Highest supported file format is Barracuda.
2016-04-16 11:14:38 1404 [Note] InnoDB: The log sequence numbers 1626134 and 1626134 in ibdata files do not match the log sequence number 1626846 in the ib_logfiles!
2016-04-16 11:14:38 1404 [Note] InnoDB: Database was not shutdown normally!
2016-04-16 11:14:38 1404 [Note] InnoDB: Starting crash recovery.
2016-04-16 11:14:38 1404 [Note] InnoDB: Reading tablespace information from the .ibd files...
2016-04-16 11:14:38 1404 [Note] InnoDB: Restoring possible half-written data pages 
2016-04-16 11:14:38 1404 [Note] InnoDB: from the doublewrite buffer...
2016-04-16 11:14:39 1404 [Note] InnoDB: 128 rollback segment(s) are active.
2016-04-16 11:14:39 1404 [Note] InnoDB: Waiting for purge to start
2016-04-16 11:14:39 1404 [Note] InnoDB: 5.6.13 started; log sequence number 1626846
2016-04-16 11:14:39 1404 [Note] Server hostname (bind-address): '*'; port: 3307
2016-04-16 11:14:39 1404 [Note] IPv6 is available.
2016-04-16 11:14:39 1404 [Note]   - '::' resolves to '::';
2016-04-16 11:14:39 1404 [Note] Server socket created on IP: '::'.
